# JRE version: Java(TM) SE Runtime Environment (8.0_77-b03) (build 1.8.0_77-b03)
# Java VM: Java HotSpot(TM) 64-Bit Server VM (25.77-b03 mixed mode windows-amd64 compressed oops)
Heap:
 PSYoungGen      total 208384K, used 201392K [0x00000000eab00000, 0x00000000fb500000, 0x0000000100000000)
  eden space 189952K, 100% used [0x00000000eab00000,0x00000000f6480000,0x00000000f6480000)
  from space 18432K, 62% used [0x00000000f6480000,0x00000000f6fac1d8,0x00000000f7680000)
  to   space 26112K, 11% used [0x00000000f9b80000,0x00000000f9e7a060,0x00000000fb500000)
 ParOldGen       total 121856K, used 60345K [0x00000000c0000000, 0x00000000c7700000, 0x00000000eab00000)
  object space 121856K, 49% used [0x00000000c0000000,0x00000000c3aee4a8,0x00000000c7700000)
 Metaspace       used 55195K, capacity 57452K, committed 57728K, reserved 1099776K
  class space    used 7455K, capacity 7963K, committed 8064K, reserved 1048576K
GC Heap History (10 events):
Event: 58.851 GC heap after
Heap after GC invocations=21 (full 3):
 PSYoungGen      total 180736K, used 0K [0x00000000eab00000, 0x00000000f6d80000, 0x0000000100000000)
  eden space 164352K, 0% used [0x00000000eab00000,0x00000000eab00000,0x00000000f4b80000)
  from space 16384K, 0% used [0x00000000f5d80000,0x00000000f5d80000,0x00000000f6d80000)
  to   space 17408K, 0% used [0x00000000f4b80000,0x00000000f4b80000,0x00000000f5c80000)
 ParOldGen       total 57344K, used 43989K [0x00000000c0000000, 0x00000000c3800000, 0x00000000eab00000)
  object space 57344K, 76% used [0x00000000c0000000,0x00000000c2af56e0,0x00000000c3800000)
 Metaspace       used 48752K, capacity 50418K, committed 50688K, reserved 1093632K
  class space    used 6709K, capacity 7134K, committed 7168K, reserved 1048576K
}
Event: 121.951 GC heap before
{Heap before GC invocations=22 (full 3):
 PSYoungGen      total 180736K, used 164352K [0x00000000eab00000, 0x00000000f6d80000, 0x0000000100000000)
  eden space 164352K, 100% used [0x00000000eab00000,0x00000000f4b80000,0x00000000f4b80000)
  from space 16384K, 0% used [0x00000000f5d80000,0x00000000f5d80000,0x00000000f6d80000)
  to   space 17408K, 0% used [0x00000000f4b80000,0x00000000f4b80000,0x00000000f5c80000)
 ParOldGen       total 57344K, used 43989K [0x00000000c0000000, 0x00000000c3800000, 0x00000000eab00000)
  object space 57344K, 76% used [0x00000000c0000000,0x00000000c2af56e0,0x00000000c3800000)
 Metaspace       used 50905K, capacity 52816K, committed 52992K, reserved 1095680K
  class space    used 6926K, capacity 7402K, committed 7424K, reserved 1048576K
Event: 122.044 GC heap after
Heap after GC invocations=22 (full 3):
 PSYoungGen      total 181760K, used 9653K [0x00000000eab00000, 0x00000000f8a00000, 0x0000000100000000)
  eden space 164352K, 0% used [0x00000000eab00000,0x00000000eab00000,0x00000000f4b80000)
  from space 17408K, 55% used [0x00000000f4b80000,0x00000000f54ed4d0,0x00000000f5c80000)
  to   space 17408K, 0% used [0x00000000f7900000,0x00000000f7900000,0x00000000f8a00000)
 ParOldGen       total 57344K, used 43997K [0x00000000c0000000, 0x00000000c3800000, 0x00000000eab00000)
  object space 57344K, 76% used [0x00000000c0000000,0x00000000c2af76e0,0x00000000c3800000)
 Metaspace       used 50905K, capacity 52816K, committed 52992K, reserved 1095680K
  class space    used 6926K, capacity 7402K, committed 7424K, reserved 1048576K
}
Event: 137.463 GC heap before
{Heap before GC invocations=23 (full 3):
 PSYoungGen      total 181760K, used 174005K [0x00000000eab00000, 0x00000000f8a00000, 0x0000000100000000)
  eden space 164352K, 100% used [0x00000000eab00000,0x00000000f4b80000,0x00000000f4b80000)
  from space 17408K, 55% used [0x00000000f4b80000,0x00000000f54ed4d0,0x00000000f5c80000)
  to   space 17408K, 0% used [0x00000000f7900000,0x00000000f7900000,0x00000000f8a00000)
 ParOldGen       total 57344K, used 43997K [0x00000000c0000000, 0x00000000c3800000, 0x00000000eab00000)
  object space 57344K, 76% used [0x00000000c0000000,0x00000000c2af76e0,0x00000000c3800000)
 Metaspace       used 54412K, capacity 56408K, committed 56576K, reserved 1097728K
  class space    used 7396K, capacity 7922K, committed 7936K, reserved 1048576K
Event: 137.497 GC heap after
Heap after GC invocations=23 (full 3):
 PSYoungGen      total 205824K, used 12498K [0x00000000eab00000, 0x00000000f8880000, 0x0000000100000000)
  eden space 189952K, 0% used [0x00000000eab00000,0x00000000eab00000,0x00000000f6480000)
  from space 15872K, 78% used [0x00000000f7900000,0x00000000f8534b90,0x00000000f8880000)
  to   space 18432K, 0% used [0x00000000f6480000,0x00000000f6480000,0x00000000f7680000)
 ParOldGen       total 57344K, used 44005K [0x00000000c0000000, 0x00000000c3800000, 0x00000000eab00000)
  object space 57344K, 76% used [0x00000000c0000000,0x00000000c2af96e0,0x00000000c3800000)
 Metaspace       used 54412K, capacity 56408K, committed 56576K, reserved 1097728K
  class space    used 7396K, capacity 7922K, committed 7936K, reserved 1048576K
}
Event: 144.247 GC heap before
{Heap before GC invocations=24 (full 3):
 PSYoungGen      total 205824K, used 202450K [0x00000000eab00000, 0x00000000f8880000, 0x0000000100000000)
  eden space 189952K, 100% used [0x00000000eab00000,0x00000000f6480000,0x00000000f6480000)
  from space 15872K, 78% used [0x00000000f7900000,0x00000000f8534b90,0x00000000f8880000)
  to   space 18432K, 0% used [0x00000000f6480000,0x00000000f6480000,0x00000000f7680000)
 ParOldGen       total 57344K, used 44005K [0x00000000c0000000, 0x00000000c3800000, 0x00000000eab00000)
  object space 57344K, 76% used [0x00000000c0000000,0x00000000c2af96e0,0x00000000c3800000)
 Metaspace       used 54856K, capacity 56920K, committed 57088K, reserved 1097728K
  class space    used 7420K, capacity 7922K, committed 7936K, reserved 1048576K
Event: 144.306 GC heap after
Heap after GC invocations=24 (full 3):
 PSYoungGen      total 208384K, used 18416K [0x00000000eab00000, 0x00000000fb500000, 0x0000000100000000)
  eden space 189952K, 0% used [0x00000000eab00000,0x00000000eab00000,0x00000000f6480000)
  from space 18432K, 99% used [0x00000000f6480000,0x00000000f767c3a8,0x00000000f7680000)
  to   space 26112K, 0% used [0x00000000f9b80000,0x00000000f9b80000,0x00000000fb500000)
 ParOldGen       total 57344K, used 56731K [0x00000000c0000000, 0x00000000c3800000, 0x00000000eab00000)
  object space 57344K, 98% used [0x00000000c0000000,0x00000000c3766ed0,0x00000000c3800000)
 Metaspace       used 54856K, capacity 56920K, committed 57088K, reserved 1097728K
  class space    used 7420K, capacity 7922K, committed 7936K, reserved 1048576K
}
Event: 144.307 GC heap before
{Heap before GC invocations=25 (full 4):
 PSYoungGen      total 208384K, used 18416K [0x00000000eab00000, 0x00000000fb500000, 0x0000000100000000)
  eden space 189952K, 0% used [0x00000000eab00000,0x00000000eab00000,0x00000000f6480000)
  from space 18432K, 99% used [0x00000000f6480000,0x00000000f767c3a8,0x00000000f7680000)
  to   space 26112K, 0% used [0x00000000f9b80000,0x00000000f9b80000,0x00000000fb500000)
 ParOldGen       total 57344K, used 56731K [0x00000000c0000000, 0x00000000c3800000, 0x00000000eab00000)
  object space 57344K, 98% used [0x00000000c0000000,0x00000000c3766ed0,0x00000000c3800000)
 Metaspace       used 54856K, capacity 56920K, committed 57088K, reserved 1097728K
  class space    used 7420K, capacity 7922K, committed 7936K, reserved 1048576K
Event: 145.352 GC heap after
Heap after GC invocations=25 (full 4):
 PSYoungGen      total 208384K, used 11440K [0x00000000eab00000, 0x00000000fb500000, 0x0000000100000000)
  eden space 189952K, 0% used [0x00000000eab00000,0x00000000eab00000,0x00000000f6480000)
  from space 18432K, 62% used [0x00000000f6480000,0x00000000f6fac1d8,0x00000000f7680000)
  to   space 26112K, 0% used [0x00000000f9b80000,0x00000000f9b80000,0x00000000fb500000)
 ParOldGen       total 121856K, used 57218K [0x00000000c0000000, 0x00000000c7700000, 0x00000000eab00000)
  object space 121856K, 46% used [0x00000000c0000000,0x00000000c37e08f0,0x00000000c7700000)
 Metaspace       used 54856K, capacity 56920K, committed 57088K, reserved 1097728K
  class space    used 7420K, capacity 7922K, committed 7936K, reserved 1048576K
}
Event: 639.455 GC heap before
{Heap before GC invocations=26 (full 4):
 PSYoungGen      total 208384K, used 201392K [0x00000000eab00000, 0x00000000fb500000, 0x0000000100000000)
  eden space 189952K, 100% used [0x00000000eab00000,0x00000000f6480000,0x00000000f6480000)
  from space 18432K, 62% used [0x00000000f6480000,0x00000000f6fac1d8,0x00000000f7680000)
  to   space 26112K, 0% used [0x00000000f9b80000,0x00000000f9b80000,0x00000000fb500000)
 ParOldGen       total 121856K, used 57218K [0x00000000c0000000, 0x00000000c7700000, 0x00000000eab00000)
  object space 121856K, 46% used [0x00000000c0000000,0x00000000c37e08f0,0x00000000c7700000)
 Metaspace       used 55195K, capacity 57452K, committed 57728K, reserved 1099776K
  class space    used 7455K, capacity 7963K, committed 8064K, reserved 1048576K

